Using pre-set license
Built from '2020.3/release' branch; Version is '2020.3.12f1 (b3b2c6512326) revision 11776710'; Using compiler version '192528614'; Build Type 'Release'
OS: 'Windows 10 Home; OS build 19045.4046; Version 2009; 64bit' Language: 'en' Physical Memory: 8122 MB
BatchMode: 1, IsHumanControllingUs: 0, StartBugReporterOnCrash: 0, Is64bit: 1, IsPro: 0

 COMMAND LINE ARGUMENTS:
C:\Program Files\Unity\Hub\Editor\2020.3.12f1\Editor\Unity.exe
-adb2
-batchMode
-noUpm
-name
AssetImportWorker0
-projectPath
C:/Users/cnalg/Documents/GitHub/Unity-Game-Folder---Weston-Wolpaw/droppingBombs_WW
-logFile
Logs/AssetImportWorker0.log
-srvPort
56600
Successfully changed project path to: C:/Users/cnalg/Documents/GitHub/Unity-Game-Folder---Weston-Wolpaw/droppingBombs_WW
C:/Users/cnalg/Documents/GitHub/Unity-Game-Folder---Weston-Wolpaw/droppingBombs_WW
Using Asset Import Pipeline V2.
Refreshing native plugins compatible for Editor in 71.21 ms, found 2 plugins.
Preloading 0 native plugins for Editor in 0.00 ms.
Initialize engine version: 2020.3.12f1 (b3b2c6512326)
[Subsystems] Discovering subsystems at path C:/Program Files/Unity/Hub/Editor/2020.3.12f1/Editor/Data/Resources/UnitySubsystems
[Subsystems] Discovering subsystems at path C:/Users/cnalg/Documents/GitHub/Unity-Game-Folder---Weston-Wolpaw/droppingBombs_WW/Assets
GfxDevice: creating device client; threaded=0
Direct3D:
    Version:  Direct3D 11.0 [level 11.1]
    Renderer: NVIDIA GeForce GT 1030 (ID=0x1d01)
    Vendor:   
    VRAM:     1981 MB
    Driver:   31.0.15.3623
Initialize mono
Mono path[0] = 'C:/Program Files/Unity/Hub/Editor/2020.3.12f1/Editor/Data/Managed'
Mono path[1] = 'C:/Program Files/Unity/Hub/Editor/2020.3.12f1/Editor/Data/MonoBleedingEdge/lib/mono/unityjit'
Mono config path = 'C:/Program Files/Unity/Hub/Editor/2020.3.12f1/Editor/Data/MonoBleedingEdge/etc'
Using monoOptions --debugger-agent=transport=dt_socket,embedding=1,server=y,suspend=n,address=127.0.0.1:56288
Begin MonoManager ReloadAssembly
Registering precompiled unity dll's ...
Register platform support module: C:/Program Files/Unity/Hub/Editor/2020.3.12f1/Editor/Data/PlaybackEngines/WindowsStandaloneSupport/UnityEditor.WindowsStandalone.Extensions.dll
Registered in 0.004172 seconds.
Native extension for WindowsStandalone target not found
Refreshing native plugins compatible for Editor in 26.33 ms, found 2 plugins.
Preloading 0 native plugins for Editor in 0.00 ms.
Mono: successfully reloaded assembly
- Completed reload, in  1.479 seconds
Platform modules already initialized, skipping
Registering precompiled user dll's ...
Registered in 0.014390 seconds.
Begin MonoManager ReloadAssembly
Native extension for WindowsStandalone target not found
Refreshing native plugins compatible for Editor in 0.30 ms, found 2 plugins.
Preloading 0 native plugins for Editor in 0.00 ms.
Mono: successfully reloaded assembly
- Completed reload, in  1.022 seconds
Platform modules already initialized, skipping
========================================================================
Worker process is ready to serve import requests
Launched and connected shader compiler UnityShaderCompiler.exe after 0.07 seconds
Refreshing native plugins compatible for Editor in 0.33 ms, found 2 plugins.
Preloading 0 native plugins for Editor in 0.00 ms.
Unloading 1390 Unused Serialized files (Serialized files now loaded: 0)
System memory in use before: 65.2 MB.
System memory in use after: 65.2 MB.

Unloading 19 unused Assets to reduce memory usage. Loaded Objects now: 1823.
Total: 1.773800 ms (FindLiveObjects: 0.116000 ms CreateObjectMapping: 0.038100 ms MarkObjects: 1.552700 ms  DeleteObjects: 0.066200 ms)

AssetImportParameters requested are different than current active one (requested -> active):
  custom:framework-win-MediaFoundation: 216162199b28c13a410421893ffa2e32 -> 
  custom:video-decoder-ogg-theora: a1e56fd34408186e4bbccfd4996cb3dc -> 
  custom:container-muxer-webm: aa71ff27fc2769a1b78a27578f13a17b -> 
  custom:container-demuxer-webm: 4f35f7cbe854078d1ac9338744f61a02 -> 
  custom:container-demuxer-ogg: 62fdf1f143b41e24485cea50d1cbac27 -> 
  custom:video-encoder-webm-vp8: eb34c28f22e8b96e1ab97ce403110664 -> 
  custom:video-decoder-webm-vp8: 9c59270c3fd7afecdb556c50c9e8de78 -> 
  custom:audio-decoder-ogg-vorbis: bf7c407c2cedff20999df2af8eb42d56 -> 
  custom:audio-encoder-webm-vorbis: bf7c407c2cedff20999df2af8eb42d56 -> 
========================================================================
Received Import Request.
  path: Assets/Scripts/Teleport.cs
  artifactKey: Guid(d63b882c141630c4faa97e7e3e3d9020) Importer(815301076,1909f56bfc062723c751e8b465ee728b)
Start importing Assets/Scripts/Teleport.cs using Guid(d63b882c141630c4faa97e7e3e3d9020) Importer(815301076,1909f56bfc062723c751e8b465ee728b)  -> (artifact id: '5b6ad9f46296706cd65e2979b1ed668d') in 0.068691 seconds 
  Import took 0.072312 seconds .

========================================================================
Received Prepare
Registering precompiled user dll's ...
Registered in 0.014796 seconds.
Begin MonoManager ReloadAssembly
Native extension for WindowsStandalone target not found
Refreshing native plugins compatible for Editor in 0.31 ms, found 2 plugins.
Preloading 0 native plugins for Editor in 0.00 ms.
Mono: successfully reloaded assembly
- Completed reload, in  1.043 seconds
Platform modules already initialized, skipping
Refreshing native plugins compatible for Editor in 0.28 ms, found 2 plugins.
Preloading 0 native plugins for Editor in 0.00 ms.
Unloading 1385 Unused Serialized files (Serialized files now loaded: 0)
System memory in use before: 65.1 MB.
System memory in use after: 65.2 MB.

Unloading 14 unused Assets to reduce memory usage. Loaded Objects now: 1826.
Total: 2.427700 ms (FindLiveObjects: 0.138300 ms CreateObjectMapping: 0.058400 ms MarkObjects: 2.154900 ms  DeleteObjects: 0.075200 ms)

AssetImportParameters requested are different than current active one (requested -> active):
  custom:framework-win-MediaFoundation: 216162199b28c13a410421893ffa2e32 -> 
  custom:video-decoder-ogg-theora: a1e56fd34408186e4bbccfd4996cb3dc -> 
  custom:container-muxer-webm: aa71ff27fc2769a1b78a27578f13a17b -> 
  custom:container-demuxer-webm: 4f35f7cbe854078d1ac9338744f61a02 -> 
  custom:container-demuxer-ogg: 62fdf1f143b41e24485cea50d1cbac27 -> 
  custom:video-encoder-webm-vp8: eb34c28f22e8b96e1ab97ce403110664 -> 
  custom:video-decoder-webm-vp8: 9c59270c3fd7afecdb556c50c9e8de78 -> 
  custom:audio-decoder-ogg-vorbis: bf7c407c2cedff20999df2af8eb42d56 -> 
  custom:audio-encoder-webm-vorbis: bf7c407c2cedff20999df2af8eb42d56 -> 
========================================================================
Received Prepare
Registering precompiled user dll's ...
Registered in 0.016128 seconds.
Begin MonoManager ReloadAssembly
Native extension for WindowsStandalone target not found
Refreshing native plugins compatible for Editor in 0.29 ms, found 2 plugins.
Preloading 0 native plugins for Editor in 0.00 ms.
Mono: successfully reloaded assembly
- Completed reload, in  1.114 seconds
Platform modules already initialized, skipping
Refreshing native plugins compatible for Editor in 0.28 ms, found 2 plugins.
Preloading 0 native plugins for Editor in 0.00 ms.
Unloading 1385 Unused Serialized files (Serialized files now loaded: 0)
System memory in use before: 65.2 MB.
System memory in use after: 65.2 MB.

Unloading 14 unused Assets to reduce memory usage. Loaded Objects now: 1829.
Total: 2.045900 ms (FindLiveObjects: 0.140600 ms CreateObjectMapping: 0.035700 ms MarkObjects: 1.754200 ms  DeleteObjects: 0.114400 ms)

AssetImportParameters requested are different than current active one (requested -> active):
  custom:framework-win-MediaFoundation: 216162199b28c13a410421893ffa2e32 -> 
  custom:video-decoder-ogg-theora: a1e56fd34408186e4bbccfd4996cb3dc -> 
  custom:container-muxer-webm: aa71ff27fc2769a1b78a27578f13a17b -> 
  custom:container-demuxer-webm: 4f35f7cbe854078d1ac9338744f61a02 -> 
  custom:container-demuxer-ogg: 62fdf1f143b41e24485cea50d1cbac27 -> 
  custom:video-encoder-webm-vp8: eb34c28f22e8b96e1ab97ce403110664 -> 
  custom:video-decoder-webm-vp8: 9c59270c3fd7afecdb556c50c9e8de78 -> 
  custom:audio-decoder-ogg-vorbis: bf7c407c2cedff20999df2af8eb42d56 -> 
  custom:audio-encoder-webm-vorbis: bf7c407c2cedff20999df2af8eb42d56 -> 
========================================================================
Received Prepare
Registering precompiled user dll's ...
Registered in 0.006719 seconds.
Begin MonoManager ReloadAssembly
Native extension for WindowsStandalone target not found
Refreshing native plugins compatible for Editor in 0.30 ms, found 2 plugins.
Preloading 0 native plugins for Editor in 0.00 ms.
Mono: successfully reloaded assembly
- Completed reload, in  0.848 seconds
Platform modules already initialized, skipping
Refreshing native plugins compatible for Editor in 0.40 ms, found 2 plugins.
Preloading 0 native plugins for Editor in 0.00 ms.
Unloading 1385 Unused Serialized files (Serialized files now loaded: 0)
System memory in use before: 65.2 MB.
System memory in use after: 65.3 MB.

Unloading 14 unused Assets to reduce memory usage. Loaded Objects now: 1832.
Total: 1.693800 ms (FindLiveObjects: 0.124200 ms CreateObjectMapping: 0.033100 ms MarkObjects: 1.477800 ms  DeleteObjects: 0.057800 ms)

AssetImportParameters requested are different than current active one (requested -> active):
  custom:framework-win-MediaFoundation: 216162199b28c13a410421893ffa2e32 -> 
  custom:video-decoder-ogg-theora: a1e56fd34408186e4bbccfd4996cb3dc -> 
  custom:container-muxer-webm: aa71ff27fc2769a1b78a27578f13a17b -> 
  custom:container-demuxer-webm: 4f35f7cbe854078d1ac9338744f61a02 -> 
  custom:container-demuxer-ogg: 62fdf1f143b41e24485cea50d1cbac27 -> 
  custom:video-encoder-webm-vp8: eb34c28f22e8b96e1ab97ce403110664 -> 
  custom:video-decoder-webm-vp8: 9c59270c3fd7afecdb556c50c9e8de78 -> 
  custom:audio-decoder-ogg-vorbis: bf7c407c2cedff20999df2af8eb42d56 -> 
  custom:audio-encoder-webm-vorbis: bf7c407c2cedff20999df2af8eb42d56 -> 
========================================================================
Received Import Request.
  Time since last request: 1332.194479 seconds.
  path: Assets/Materials
  artifactKey: Guid(5fe7878bd62059a40a97f56be147bfc4) Importer(815301076,1909f56bfc062723c751e8b465ee728b)
Start importing Assets/Materials using Guid(5fe7878bd62059a40a97f56be147bfc4) Importer(815301076,1909f56bfc062723c751e8b465ee728b)  -> (artifact id: '570b6176702417448aa879f8085a71f4') in 0.017083 seconds 
  Import took 0.020087 seconds .

========================================================================
Received Import Request.
  Time since last request: 231.640428 seconds.
  path: Assets/Materials/SphereMaterial.mat
  artifactKey: Guid(6d5b1819439f81e478252448f5153f70) Importer(815301076,1909f56bfc062723c751e8b465ee728b)
Start importing Assets/Materials/SphereMaterial.mat using Guid(6d5b1819439f81e478252448f5153f70) Importer(815301076,1909f56bfc062723c751e8b465ee728b)  -> (artifact id: 'b589528bd2de631784cf98b3c6d377b6') in 0.419969 seconds 
  Import took 0.454265 seconds .

========================================================================
Received Import Request.
  Time since last request: 37.045026 seconds.
  path: Assets/Materials/CubeMaterial.mat
  artifactKey: Guid(18bb890882e42894f8616b614c135308) Importer(815301076,1909f56bfc062723c751e8b465ee728b)
Start importing Assets/Materials/CubeMaterial.mat using Guid(18bb890882e42894f8616b614c135308) Importer(815301076,1909f56bfc062723c751e8b465ee728b)  -> (artifact id: '52b0353152625de410a8dcfb3c610f1e') in 0.033086 seconds 
  Import took 0.035833 seconds .

========================================================================
Received Prepare
Registering precompiled user dll's ...
Registered in 0.006306 seconds.
Begin MonoManager ReloadAssembly
Native extension for WindowsStandalone target not found
Refreshing native plugins compatible for Editor in 0.30 ms, found 2 plugins.
Preloading 0 native plugins for Editor in 0.00 ms.
Mono: successfully reloaded assembly
- Completed reload, in  1.324 seconds
Platform modules already initialized, skipping
Refreshing native plugins compatible for Editor in 0.30 ms, found 2 plugins.
Preloading 0 native plugins for Editor in 0.00 ms.
Unloading 1385 Unused Serialized files (Serialized files now loaded: 0)
System memory in use before: 68.5 MB.
System memory in use after: 68.6 MB.

Unloading 14 unused Assets to reduce memory usage. Loaded Objects now: 1875.
Total: 2.206000 ms (FindLiveObjects: 0.140000 ms CreateObjectMapping: 0.037700 ms MarkObjects: 1.907900 ms  DeleteObjects: 0.119200 ms)

AssetImportParameters requested are different than current active one (requested -> active):
  custom:framework-win-MediaFoundation: 216162199b28c13a410421893ffa2e32 -> 
  custom:video-decoder-ogg-theora: a1e56fd34408186e4bbccfd4996cb3dc -> 
  custom:container-muxer-webm: aa71ff27fc2769a1b78a27578f13a17b -> 
  custom:container-demuxer-webm: 4f35f7cbe854078d1ac9338744f61a02 -> 
  custom:container-demuxer-ogg: 62fdf1f143b41e24485cea50d1cbac27 -> 
  custom:video-encoder-webm-vp8: eb34c28f22e8b96e1ab97ce403110664 -> 
  custom:video-decoder-webm-vp8: 9c59270c3fd7afecdb556c50c9e8de78 -> 
  custom:audio-decoder-ogg-vorbis: bf7c407c2cedff20999df2af8eb42d56 -> 
  custom:audio-encoder-webm-vorbis: bf7c407c2cedff20999df2af8eb42d56 -> 
========================================================================
Received Import Request.
  Time since last request: 473.849402 seconds.
  path: Assets/Materials/SphereMaterial.mat
  artifactKey: Guid(6d5b1819439f81e478252448f5153f70) Importer(815301076,1909f56bfc062723c751e8b465ee728b)
Start importing Assets/Materials/SphereMaterial.mat using Guid(6d5b1819439f81e478252448f5153f70) Importer(815301076,1909f56bfc062723c751e8b465ee728b)  -> (artifact id: 'd95e804eee6cca80d95c9fd660e07c86') in 0.093742 seconds 
  Import took 0.096472 seconds .

========================================================================
Received Import Request.
  Time since last request: 0.000161 seconds.
  path: Assets/Materials/CubeMaterial.mat
  artifactKey: Guid(18bb890882e42894f8616b614c135308) Importer(815301076,1909f56bfc062723c751e8b465ee728b)
Start importing Assets/Materials/CubeMaterial.mat using Guid(18bb890882e42894f8616b614c135308) Importer(815301076,1909f56bfc062723c751e8b465ee728b)  -> (artifact id: '8da88e6c4f807188b65f84f684279724') in 0.015101 seconds 
  Import took 0.018231 seconds .

AssetImportWorkerClient::OnTransportError - code=2 error=End of file
